apps/mobile/src/assets/i18n/
apps/mobile/src/assets/i18n/components
apps/mobile/src/assets/i18n/components/features
apps/mobile/src/assets/i18n/components/footer
apps/mobile/src/assets/i18n/components/header
apps/mobile/src/assets/i18n/components/header/de.json
apps/mobile/src/assets/i18n/components/header/en.json
apps/mobile/src/assets/i18n/components/header/index.ts
apps/mobile/src/assets/i18n/components/header/np.json
apps/mobile/src/assets/i18n/components/hero
apps/mobile/src/assets/i18n/components/hero/de.json
apps/mobile/src/assets/i18n/components/hero/en.json
apps/mobile/src/assets/i18n/components/hero/index.ts
apps/mobile/src/assets/i18n/components/hero/np.json
apps/mobile/src/assets/i18n/components/stats
apps/mobile/src/assets/i18n/languages
apps/mobile/src/assets/i18n/languages/language-config.ts
apps/mobile/src/assets/i18n/languages/supported-languages.ts
apps/mobile/src/assets/i18n/modular
apps/mobile/src/assets/i18n/modular/de
apps/mobile/src/assets/i18n/modular/de/common.json
apps/mobile/src/assets/i18n/modular/de/footer.json
apps/mobile/src/assets/i18n/modular/de/navigation.json
apps/mobile/src/assets/i18n/modular/en
apps/mobile/src/assets/i18n/modular/en/common.json
apps/mobile/src/assets/i18n/modular/en/footer.json
apps/mobile/src/assets/i18n/modular/en/navigation.json
apps/mobile/src/assets/i18n/modular/np
apps/mobile/src/assets/i18n/modular/np/common.json
apps/mobile/src/assets/i18n/modular/np/footer.json
apps/mobile/src/assets/i18n/modular/np/navigation.json
apps/mobile/src/assets/i18n/pages
apps/mobile/src/assets/i18n/pages/auth
apps/mobile/src/assets/i18n/pages/auth/login
apps/mobile/src/assets/i18n/pages/auth/login/de.json
apps/mobile/src/assets/i18n/pages/auth/login/en.json
apps/mobile/src/assets/i18n/pages/auth/login/index.ts
apps/mobile/src/assets/i18n/pages/auth/login/np.json
apps/mobile/src/assets/i18n/pages/auth/register
apps/mobile/src/assets/i18n/pages/auth/register/de.json
apps/mobile/src/assets/i18n/pages/auth/register/en.json
apps/mobile/src/assets/i18n/pages/auth/register/np.json
apps/mobile/src/assets/i18n/pages/auth/tenant-selection
apps/mobile/src/assets/i18n/pages/dashboard
apps/mobile/src/assets/i18n/pages/dashboard/de.json
apps/mobile/src/assets/i18n/pages/dashboard/en.json
apps/mobile/src/assets/i18n/pages/dashboard/index.ts
apps/mobile/src/assets/i18n/pages/dashboard/np.json
apps/mobile/src/assets/i18n/pages/elections
apps/mobile/src/assets/i18n/pages/home
apps/mobile/src/assets/i18n/pages/home/de.json
apps/mobile/src/assets/i18n/pages/home/en.json
apps/mobile/src/assets/i18n/pages/home/np.json
apps/mobile/src/assets/i18n/pages/membership
apps/mobile/src/assets/i18n/shared
apps/mobile/src/assets/i18n/shared/common
apps/mobile/src/assets/i18n/shared/common/de.json
apps/mobile/src/assets/i18n/shared/common/en.json
apps/mobile/src/assets/i18n/shared/common/index.ts
apps/mobile/src/assets/i18n/shared/common/np.json
apps/mobile/src/assets/i18n/shared/errors
apps/mobile/src/assets/i18n/shared/navigation
apps/mobile/src/assets/i18n/translation-keys.ts
