packages/geo-location/
packages/geo-location/package.json
packages/geo-location/src
packages/geo-location/src/application
packages/geo-location/src/application/errors
packages/geo-location/src/application/errors/location-detection.error.ts
packages/geo-location/src/application/facades
packages/geo-location/src/application/facades/geo-location.facade.ts
packages/geo-location/src/application/services
packages/geo-location/src/application/services/geo-cache.service.ts
packages/geo-location/src/application/services/hybrid-geo-location.service.ts
packages/geo-location/src/application/services/wifi-context-builder.service.ts
packages/geo-location/src/application/services/wifi-positioning.service.ts
packages/geo-location/src/application/use-cases
packages/geo-location/src/application/use-cases/detect-user-locale.use-case.ts
packages/geo-location/src/domain
packages/geo-location/src/domain/aggregates
packages/geo-location/src/domain/aggregates/geo-context.model.ts
packages/geo-location/src/domain/constants
packages/geo-location/src/domain/constants/geo-source.constants.ts
packages/geo-location/src/domain/constants/geo-validation.constants.ts
packages/geo-location/src/domain/constants/wifi-source.constants.ts
packages/geo-location/src/domain/entities
packages/geo-location/src/domain/entities/city.entity.ts
packages/geo-location/src/domain/entities/country.entity.ts
packages/geo-location/src/domain/entities/wifi-access-point.entity.ts
packages/geo-location/src/domain/interfaces
packages/geo-location/src/domain/interfaces/geo-context-cache.interface.ts
packages/geo-location/src/domain/ports
packages/geo-location/src/domain/ports/geo-location.port.ts
packages/geo-location/src/domain/ports/geo-location.token.ts
packages/geo-location/src/domain/ports/igeo.repository.ts
packages/geo-location/src/domain/ports/ilocation-detection.strategy.ts
packages/geo-location/src/domain/ports/iwifi-positioning.port.ts
packages/geo-location/src/domain/ports/iwifi-scanner.port.ts
packages/geo-location/src/domain/ports/wifi-scanner.token.ts
packages/geo-location/src/domain/repositories
packages/geo-location/src/domain/repositories/geo-location.repository.ts
packages/geo-location/src/domain/services
packages/geo-location/src/domain/services/country-detection.service.ts
packages/geo-location/src/domain/services/geo-context-builder.service.ts
packages/geo-location/src/domain/services/geo-context.service.ts
packages/geo-location/src/domain/services/geo-location.service.spec.ts
packages/geo-location/src/domain/services/geo-location.service.ts
packages/geo-location/src/domain/services/geo-triangulation-positioning.service.ts
packages/geo-location/src/domain/services/geo.validator.ts
packages/geo-location/src/domain/services/validator.token.ts
packages/geo-location/src/domain/value-objects
packages/geo-location/src/domain/value-objects/country-code.vo.ts
packages/geo-location/src/domain/value-objects/lat-lng.value-object.ts
packages/geo-location/src/domain/value-objects/locale-preference.vo.ts
packages/geo-location/src/domain/value-objects/location.value-object.ts
packages/geo-location/src/domain/value-objects/validation-result.ts
packages/geo-location/src/domain/value-objects/wifi-signal.value-object.ts
packages/geo-location/src/facades
packages/geo-location/src/facades/geo-location.facade.ts
packages/geo-location/src/facades/unified-geo-location.facade.ts
packages/geo-location/src/geo-controls.component.ts
packages/geo-location/src/geo-location.config.ts
packages/geo-location/src/geo-location.module.ts
packages/geo-location/src/index.ts
packages/geo-location/src/infrastructure
packages/geo-location/src/infrastructure/adapters
packages/geo-location/src/infrastructure/adapters/browser-geo.adapter.ts
packages/geo-location/src/infrastructure/adapters/existing-geo-adapter.ts
packages/geo-location/src/infrastructure/adapters/fallback-geo.adapter.ts
packages/geo-location/src/infrastructure/adapters/ipwhois-geo-location.adapters.ts
packages/geo-location/src/infrastructure/adapters/wifi
packages/geo-location/src/infrastructure/adapters/wifi/browser-wifi.adapter.ts
packages/geo-location/src/infrastructure/adapters/wifi/cordova-wifi.adapter.ts
packages/geo-location/src/infrastructure/adapters/wifi-positioning
packages/geo-location/src/infrastructure/adapters/wifi-positioning/google-wifi.adapter.ts
packages/geo-location/src/infrastructure/detection
packages/geo-location/src/infrastructure/detection/manual-detection.strategy.ts
packages/geo-location/src/infrastructure/repositories
packages/geo-location/src/infrastructure/repositories/local-storage-geo-location.repository.ts
packages/geo-location/src/infrastructure/services
packages/geo-location/src/infrastructure/services/geo-language-bridge.service.ts
packages/geo-location/src/presentation
packages/geo-location/src/presentation/components
packages/geo-location/src/presentation/components/geo-widget.component.ts
packages/geo-location/src/presentation/components/wifi-scan-button
packages/geo-location/src/presentation/components/wifi-scan-button/wifi-scan-button.component.ts
packages/geo-location/src/presentation/components/wifi-signal-indicator
packages/geo-location/src/presentation/components/wifi-signal-indicator/wifi-signal-indicator.component.ts
packages/geo-location/src/readme.md
packages/geo-location/src/services
packages/geo-location/src/services/geo-facade-factory.service.ts
packages/geo-location/tsconfig.json
