packages/laravel-backend/resources/js/locales
packages/laravel-backend/resources/js/locales/adapters
packages/laravel-backend/resources/js/locales/adapters/VueRouterAdapter.ts
packages/laravel-backend/resources/js/locales/application
packages/laravel-backend/resources/js/locales/application/RouteFirstTranslationLoader.ts
packages/laravel-backend/resources/js/locales/application/services
packages/laravel-backend/resources/js/locales/application/services/ServiceContainer.ts
packages/laravel-backend/resources/js/locales/components
packages/laravel-backend/resources/js/locales/components/datatable
packages/laravel-backend/resources/js/locales/components/form
packages/laravel-backend/resources/js/locales/components/modal
packages/laravel-backend/resources/js/locales/core
packages/laravel-backend/resources/js/locales/core/de.json
packages/laravel-backend/resources/js/locales/core/en.json
packages/laravel-backend/resources/js/locales/core/np.json
packages/laravel-backend/resources/js/locales/de
packages/laravel-backend/resources/js/locales/de/application.json
packages/laravel-backend/resources/js/locales/de/common.json
packages/laravel-backend/resources/js/locales/de/footer.json
packages/laravel-backend/resources/js/locales/de/navigation.json
packages/laravel-backend/resources/js/locales/domain
packages/laravel-backend/resources/js/locales/domain/factories
packages/laravel-backend/resources/js/locales/domain/factories/LoaderStrategyFactory.ts
packages/laravel-backend/resources/js/locales/domain/services
packages/laravel-backend/resources/js/locales/domain/services/RouteNormalizationService.ts
packages/laravel-backend/resources/js/locales/en
packages/laravel-backend/resources/js/locales/en/application.json
packages/laravel-backend/resources/js/locales/en/auth.json
packages/laravel-backend/resources/js/locales/en/common.json
packages/laravel-backend/resources/js/locales/en/dashboard.json
packages/laravel-backend/resources/js/locales/en/elections.json
packages/laravel-backend/resources/js/locales/en/errors.json
packages/laravel-backend/resources/js/locales/en/events.json
packages/laravel-backend/resources/js/locales/en/footer.json
packages/laravel-backend/resources/js/locales/en/navigation.json
packages/laravel-backend/resources/js/locales/enhanced-i18n.ts
packages/laravel-backend/resources/js/locales/generated
packages/laravel-backend/resources/js/locales/index.ts
packages/laravel-backend/resources/js/locales/infrastructure
packages/laravel-backend/resources/js/locales/infrastructure/cache
packages/laravel-backend/resources/js/locales/infrastructure/cache/MemoryTranslationCache.ts
packages/laravel-backend/resources/js/locales/infrastructure/loaders
packages/laravel-backend/resources/js/locales/infrastructure/loaders/APILoader.ts
packages/laravel-backend/resources/js/locales/infrastructure/loaders/CDNLoader.ts
packages/laravel-backend/resources/js/locales/infrastructure/loaders/FileSystemLoader.ts
packages/laravel-backend/resources/js/locales/infrastructure/loaders/FileSystemTranslationLoader.ts
packages/laravel-backend/resources/js/locales/loader
packages/laravel-backend/resources/js/locales/loader/index.ts
packages/laravel-backend/resources/js/locales/loader/route-loader.ts
packages/laravel-backend/resources/js/locales/loader/strategies
packages/laravel-backend/resources/js/locales/loader/strategies/api-loader.ts
packages/laravel-backend/resources/js/locales/loader/strategies/cdn-loader.ts
packages/laravel-backend/resources/js/locales/loader/strategies/filesystem-loader.ts
packages/laravel-backend/resources/js/locales/ne
packages/laravel-backend/resources/js/locales/np
packages/laravel-backend/resources/js/locales/np/auth.json
packages/laravel-backend/resources/js/locales/np/common.json
packages/laravel-backend/resources/js/locales/np/footer.json
packages/laravel-backend/resources/js/locales/np/navigation.json
packages/laravel-backend/resources/js/locales/pages
packages/laravel-backend/resources/js/locales/pages/admin
packages/laravel-backend/resources/js/locales/pages/admin/dashboard
packages/laravel-backend/resources/js/locales/pages/admin/dashboard/de.json
packages/laravel-backend/resources/js/locales/pages/admin/dashboard/en.json
packages/laravel-backend/resources/js/locales/pages/admin/dashboard/np.json
packages/laravel-backend/resources/js/locales/pages/admin/election-requests
packages/laravel-backend/resources/js/locales/pages/admin/election-requests/de.json
packages/laravel-backend/resources/js/locales/pages/admin/election-requests/en.json
packages/laravel-backend/resources/js/locales/pages/admin/election-requests/np.json
packages/laravel-backend/resources/js/locales/pages/admin/elections
packages/laravel-backend/resources/js/locales/pages/admin/elections/de.json
packages/laravel-backend/resources/js/locales/pages/admin/elections/en.json
packages/laravel-backend/resources/js/locales/pages/admin/elections/np.json
packages/laravel-backend/resources/js/locales/pages/auth
packages/laravel-backend/resources/js/locales/pages/auth/confirm-password
packages/laravel-backend/resources/js/locales/pages/auth/forgot-password
packages/laravel-backend/resources/js/locales/pages/auth/forgot-password/de.json
packages/laravel-backend/resources/js/locales/pages/auth/forgot-password/en.json
packages/laravel-backend/resources/js/locales/pages/auth/forgot-password/np.json
packages/laravel-backend/resources/js/locales/pages/auth/login
packages/laravel-backend/resources/js/locales/pages/auth/login/de.json
packages/laravel-backend/resources/js/locales/pages/auth/login/en.json
packages/laravel-backend/resources/js/locales/pages/auth/login/np.json
packages/laravel-backend/resources/js/locales/pages/auth/register
packages/laravel-backend/resources/js/locales/pages/auth/register/de.json
packages/laravel-backend/resources/js/locales/pages/auth/register/en.json
packages/laravel-backend/resources/js/locales/pages/auth/register/np.json
packages/laravel-backend/resources/js/locales/pages/auth/reset-password
packages/laravel-backend/resources/js/locales/pages/auth/reset-password/de.json
packages/laravel-backend/resources/js/locales/pages/auth/reset-password/en.json
packages/laravel-backend/resources/js/locales/pages/auth/reset-password/np.json
packages/laravel-backend/resources/js/locales/pages/auth/verify-email
packages/laravel-backend/resources/js/locales/pages/auth/verify-email/de.json
packages/laravel-backend/resources/js/locales/pages/auth/verify-email/en.json
packages/laravel-backend/resources/js/locales/pages/auth/verify-email/np.json
packages/laravel-backend/resources/js/locales/pages/committee
packages/laravel-backend/resources/js/locales/pages/committee/dashboard
packages/laravel-backend/resources/js/locales/pages/committee/dashboard/de.json
packages/laravel-backend/resources/js/locales/pages/committee/dashboard/en.json
packages/laravel-backend/resources/js/locales/pages/committee/dashboard/np.json
packages/laravel-backend/resources/js/locales/pages/committee/invitation
packages/laravel-backend/resources/js/locales/pages/committee/invitation/de.json
packages/laravel-backend/resources/js/locales/pages/committee/invitation/en.json
packages/laravel-backend/resources/js/locales/pages/committee/invitation/np.json
packages/laravel-backend/resources/js/locales/pages/committee/member-dashboard
packages/laravel-backend/resources/js/locales/pages/dashboard
packages/laravel-backend/resources/js/locales/pages/dashboard/de.json
packages/laravel-backend/resources/js/locales/pages/dashboard/en.json
packages/laravel-backend/resources/js/locales/pages/dashboard/np.json
packages/laravel-backend/resources/js/locales/pages/election-request
packages/laravel-backend/resources/js/locales/pages/election-request/de.json
packages/laravel-backend/resources/js/locales/pages/election-request/en.json
packages/laravel-backend/resources/js/locales/pages/election-request/np.json
packages/laravel-backend/resources/js/locales/pages/election-request-success
packages/laravel-backend/resources/js/locales/pages/election-request-success/de.json
packages/laravel-backend/resources/js/locales/pages/election-request-success/en.json
packages/laravel-backend/resources/js/locales/pages/election-request-success/np.json
packages/laravel-backend/resources/js/locales/pages/home
packages/laravel-backend/resources/js/locales/pages/home/de.json
packages/laravel-backend/resources/js/locales/pages/home/en.json
packages/laravel-backend/resources/js/locales/pages/home/np.json
packages/laravel-backend/resources/js/locales/pages/mass-registration
packages/laravel-backend/resources/js/locales/pages/mass-registration/de.json
packages/laravel-backend/resources/js/locales/pages/mass-registration/en.json
packages/laravel-backend/resources/js/locales/pages/mass-registration/np.json
packages/laravel-backend/resources/js/locales/pages/organization
packages/laravel-backend/resources/js/locales/pages/organization/dashboard
packages/laravel-backend/resources/js/locales/pages/organization/dashboard/de.json
packages/laravel-backend/resources/js/locales/pages/organization/dashboard/en.json
packages/laravel-backend/resources/js/locales/pages/organization/dashboard/np.json
packages/laravel-backend/resources/js/locales/pages/setup
packages/laravel-backend/resources/js/locales/pages/setup/de.json
packages/laravel-backend/resources/js/locales/pages/setup/en.json
packages/laravel-backend/resources/js/locales/pages/setup/np.json
packages/laravel-backend/resources/js/locales/README.md
packages/laravel-backend/resources/js/locales/test-loader.js
packages/laravel-backend/resources/js/locales/types
packages/laravel-backend/resources/js/locales/types/index.ts
packages/laravel-backend/resources/js/locales/types.ts
packages/laravel-backend/resources/js/locales/__tests__
packages/laravel-backend/resources/js/locales/__tests__/route-first-integration.test.ts
