android/
android/.gitignore
android/.gradle
android/.gradle/8.11.1
android/.gradle/8.11.1/checksums
android/.gradle/8.11.1/checksums/checksums.lock
android/.gradle/8.11.1/expanded
android/.gradle/8.11.1/fileChanges
android/.gradle/8.11.1/fileHashes
android/.gradle/8.11.1/fileHashes/fileHashes.lock
android/.gradle/8.11.1/vcsMetadata
android/.gradle/buildOutputCleanup
android/.gradle/buildOutputCleanup/buildOutputCleanup.lock
android/.gradle/buildOutputCleanup/cache.properties
android/.gradle/config.properties
android/.gradle/vcs-1
android/.idea
android/.idea/.gitignore
android/.idea/AndroidProjectSystem.xml
android/.idea/gradle.xml
android/.idea/migrations.xml
android/.idea/misc.xml
android/.idea/runConfigurations.xml
android/.idea/vcs.xml
android/app
android/app/.gitignore
android/app/build
android/app/build/.npmkeep
android/app/build.gradle
android/app/capacitor.build.gradle
android/app/proguard-rules.pro
android/app/src
android/app/src/androidTest
android/app/src/androidTest/java
android/app/src/androidTest/java/com
android/app/src/androidTest/java/com/getcapacitor
android/app/src/androidTest/java/com/getcapacitor/myapp
android/app/src/androidTest/java/com/getcapacitor/myapp/ExampleInstrumentedTest.java
android/app/src/main
android/app/src/main/AndroidManifest.xml
android/app/src/main/assets
android/app/src/main/assets/capacitor.config.json
android/app/src/main/assets/capacitor.plugins.json
android/app/src/main/assets/public
android/app/src/main/assets/public/3rdpartylicenses.txt
android/app/src/main/assets/public/cordova.js
android/app/src/main/assets/public/cordova_plugins.js
android/app/src/main/assets/public/favicon.ico
android/app/src/main/assets/public/index.html
android/app/src/main/assets/public/main.0b079798d0f8675e.js
android/app/src/main/assets/public/polyfills.5009c6084ce153e0.js
android/app/src/main/assets/public/runtime.84e3f8f659c9935f.js
android/app/src/main/assets/public/styles.ef46db3751d8e999.css
android/app/src/main/java
android/app/src/main/java/com
android/app/src/main/java/com/publicdigit
android/app/src/main/java/com/publicdigit/app
android/app/src/main/java/com/publicdigit/app/MainActivity.java
android/app/src/main/res
android/app/src/main/res/drawable
android/app/src/main/res/drawable/ic_launcher_background.xml
android/app/src/main/res/drawable/splash.png
android/app/src/main/res/drawable-land-hdpi
android/app/src/main/res/drawable-land-hdpi/splash.png
android/app/src/main/res/drawable-land-mdpi
android/app/src/main/res/drawable-land-mdpi/splash.png
android/app/src/main/res/drawable-land-xhdpi
android/app/src/main/res/drawable-land-xhdpi/splash.png
android/app/src/main/res/drawable-land-xxhdpi
android/app/src/main/res/drawable-land-xxhdpi/splash.png
android/app/src/main/res/drawable-land-xxxhdpi
android/app/src/main/res/drawable-land-xxxhdpi/splash.png
android/app/src/main/res/drawable-port-hdpi
android/app/src/main/res/drawable-port-hdpi/splash.png
android/app/src/main/res/drawable-port-mdpi
android/app/src/main/res/drawable-port-mdpi/splash.png
android/app/src/main/res/drawable-port-xhdpi
android/app/src/main/res/drawable-port-xhdpi/splash.png
android/app/src/main/res/drawable-port-xxhdpi
android/app/src/main/res/drawable-port-xxhdpi/splash.png
android/app/src/main/res/drawable-port-xxxhdpi
android/app/src/main/res/drawable-port-xxxhdpi/splash.png
android/app/src/main/res/drawable-v24
android/app/src/main/res/drawable-v24/ic_launcher_foreground.xml
android/app/src/main/res/layout
android/app/src/main/res/layout/activity_main.xml
android/app/src/main/res/mipmap-anydpi-v26
android/app/src/main/res/mipmap-anydpi-v26/ic_launcher.xml
android/app/src/main/res/mipmap-anydpi-v26/ic_launcher_round.xml
android/app/src/main/res/mipmap-hdpi
android/app/src/main/res/mipmap-hdpi/ic_launcher.png
android/app/src/main/res/mipmap-hdpi/ic_launcher_foreground.png
android/app/src/main/res/mipmap-hdpi/ic_launcher_round.png
android/app/src/main/res/mipmap-mdpi
android/app/src/main/res/mipmap-mdpi/ic_launcher.png
android/app/src/main/res/mipmap-mdpi/ic_launcher_foreground.png
android/app/src/main/res/mipmap-mdpi/ic_launcher_round.png
android/app/src/main/res/mipmap-xhdpi
android/app/src/main/res/mipmap-xhdpi/ic_launcher.png
android/app/src/main/res/mipmap-xhdpi/ic_launcher_foreground.png
android/app/src/main/res/mipmap-xhdpi/ic_launcher_round.png
android/app/src/main/res/mipmap-xxhdpi
android/app/src/main/res/mipmap-xxhdpi/ic_launcher.png
android/app/src/main/res/mipmap-xxhdpi/ic_launcher_foreground.png
android/app/src/main/res/mipmap-xxhdpi/ic_launcher_round.png
android/app/src/main/res/mipmap-xxxhdpi
android/app/src/main/res/mipmap-xxxhdpi/ic_launcher.png
android/app/src/main/res/mipmap-xxxhdpi/ic_launcher_foreground.png
android/app/src/main/res/mipmap-xxxhdpi/ic_launcher_round.png
android/app/src/main/res/values
android/app/src/main/res/values/ic_launcher_background.xml
android/app/src/main/res/values/strings.xml
android/app/src/main/res/values/styles.xml
android/app/src/main/res/xml
android/app/src/main/res/xml/config.xml
android/app/src/main/res/xml/file_paths.xml
android/app/src/test
android/app/src/test/java
android/app/src/test/java/com
android/app/src/test/java/com/getcapacitor
android/app/src/test/java/com/getcapacitor/myapp
android/app/src/test/java/com/getcapacitor/myapp/ExampleUnitTest.java
android/build.gradle
android/capacitor-cordova-android-plugins
android/capacitor-cordova-android-plugins/build.gradle
android/capacitor-cordova-android-plugins/cordova.variables.gradle
android/capacitor-cordova-android-plugins/src
android/capacitor-cordova-android-plugins/src/main
android/capacitor-cordova-android-plugins/src/main/AndroidManifest.xml
android/capacitor-cordova-android-plugins/src/main/java
android/capacitor-cordova-android-plugins/src/main/java/.gitkeep
android/capacitor-cordova-android-plugins/src/main/res
android/capacitor-cordova-android-plugins/src/main/res/.gitkeep
android/capacitor.settings.gradle
android/gradle
android/gradle/wrapper
android/gradle/wrapper/gradle-wrapper.jar
android/gradle/wrapper/gradle-wrapper.properties
android/gradle.properties
android/gradlew
android/gradlew.bat
android/local.properties
android/settings.gradle
android/variables.gradle
